<component name="libraryTable">
  <library name="junit">
    <CLASSES>
      <root url="jar://D:/Lucas/junit-4.12.jar!/junit" />
    </CLASSES>
    <JAVADOC />
    <SOURCES />
  </library>
</component>